Arguments: 
  C:\Program Files\nodejs\node.exe C:\Users\cshad\AppData\Roaming\npm\node_modules\yarn\bin\yarn.js install

PATH: 
  C:\Program Files\Git\mingw64\bin;C:\Program Files\Git\usr\bin;C:\Users\cshad\bin;C:\Python39\Scripts;C:\Python39;C:\Program Files (x86)\Common Files\Oracle\Java\javapath;C:\Program Files (x86)\Intel\iCLS Client;C:\Program Files\Intel\iCLS Client;C:\Windows\system32;C:\Windows;C:\Windows\System32\Wbem;C:\Windows\System32\WindowsPowerShell\v1.0;C:\Program Files (x86)\Intel\Intel(R) Management Engine Components\DAL;C:\Program Files\Intel\Intel(R) Management Engine Components\DAL;C:\Program Files (x86)\Intel\Intel(R) Management Engine Components\IPT;C:\Program Files\Intel\Intel(R) Management Engine Components\IPT;C:\Program Files (x86)\NVIDIA Corporation\PhysX\Common;C:\WINDOWS\system32;C:\WINDOWS;C:\WINDOWS\System32\Wbem;C:\WINDOWS\System32\WindowsPowerShell\v1.0;C:\WINDOWS\System32\OpenSSH;C:\Program Files\Intel\WiFi\bin;C:\Program Files\Common Files\Intel\WirelessCommon;C:\Program Files\PuTTY;C:\Program Files\Git\cmd;C:\Program Files\Amazon\AWSCLIV2;C:\Program Files\Amazon\AWSSAMCLI\bin;C:\ProgramData\chocolatey\bin;C:\Program Files\OpenJDK\openjdk-8u282-b08\bin;C:\Program Files\nodejs;C:\Program Files\MySQL\MySQL Shell 8.0\bin;C:\Users\cshad\AppData\Local\Microsoft\WindowsApps;C:\Users\cshad\AppData\Local\Programs\Microsoft VS Code\bin;C:\Users\cshad\flutter\bin;C:\Program Files (x86)\Java\jre1.8.0_221\bin;C:\Users\cshad\AppData\Local\Android\Sdk\platform-tools;C:\Users\cshad\AppData\Roaming\npm;C:\Program Files\heroku\bin

Yarn version: 
  1.22.10

Node version: 
  14.15.4

Platform: 
  win32 x64

Trace: 
  Error: EPERM: operation not permitted, unlink 'D:\portfolio\gatsby-store\node_modules\sharp\build\Release\libglib-2.0-0.dll'

npm manifest: 
  {
    "name": "gatsby-store",
    "version": "1.0.0",
    "private": true,
    "description": "Gatsby Store",
    "author": "boomcruiser",
    "keywords": [
      "gatsby"
    ],
    "scripts": {
      "develop": "gatsby develop",
      "start": "gatsby develop",
      "build": "gatsby build",
      "serve": "gatsby serve",
      "clean": "gatsby clean"
    },
    "dependencies": {
      "@mdx-js/mdx": "^1.6.22",
      "@mdx-js/react": "^1.6.22",
      "gatsby": "^3.4.0",
      "gatsby-plugin-image": "^1.4.0",
      "gatsby-plugin-manifest": "^3.4.0",
      "gatsby-plugin-mdx": "^2.4.0",
      "gatsby-plugin-react-helmet": "^4.4.0",
      "gatsby-plugin-sharp": "^3.4.0",
      "gatsby-plugin-sitemap": "^4.0.0",
      "gatsby-source-filesystem": "^3.4.0",
      "gatsby-transformer-sharp": "^3.4.0",
      "react": "^17.0.1",
      "react-dom": "^17.0.1",
      "react-helmet": "^6.1.0"
    }
  }

yarn manifest: 
  No manifest

Lockfile: 
  No lockfile
